Arguments: 
  C:\Program Files\nodejs\node.exe C:\Users\David\.node\corepack\yarn\1.22.15\bin\yarn.js add express pugjs

PATH: 
  C:\Program Files\Common Files\Oracle\Java\javapath;C:\windows\system32;C:\windows;C:\windows\System32\Wbem;C:\windows\System32\WindowsPowerShell\v1.0\;C:\windows\System32\OpenSSH\;C:\Program Files\Git\cmd;C:\Users\David\AppData\Roaming\nvm;C:\Program Files\nodejs;C:\Program Files\Microsoft SQL Server\150\Tools\Binn\;C:\Program Files (x86)\Calibre2\;C:\Program Files\dotnet\;C:\WINDOWS\system32;C:\WINDOWS;C:\WINDOWS\System32\Wbem;C:\WINDOWS\System32\WindowsPowerShell\v1.0\;C:\WINDOWS\System32\OpenSSH\;C:\ProgramData\chocolatey\bin;C:\Users\David\AppData\Local\Microsoft\WindowsApps;C:\Users\David\AppData\Local\Programs\Microsoft VS Code\bin;C:\Program Files\MongoDB\Server\5.0\bin;C:\Program Files\MongoDB\Tools\100\bin;C:\Users\David\AppData\Local\Programs\Python\Python310\Scripts;C:\Program Files\VideoLAN\VLC;C:\Users\David\AppData\Roaming\nvm;C:\Program Files\nodejs;C:\Tools;C:\Users\David\AppData\Local\Yarn\bin;C:\Users\David\.dotnet\tools;C:\Users\David\.deno\bin

Yarn version: 
  1.22.15

Node version: 
  16.15.1

Platform: 
  win32 x64

Trace: 
  Error: https://registry.yarnpkg.com/pugjs: Not found
      at Request.params.callback [as _callback] (C:\Users\David\.node\corepack\yarn\1.22.15\lib\cli.js:66140:18)
      at Request.self.callback (C:\Users\David\.node\corepack\yarn\1.22.15\lib\cli.js:140885:22)
      at Request.emit (node:events:527:28)
      at Request.<anonymous> (C:\Users\David\.node\corepack\yarn\1.22.15\lib\cli.js:141857:10)
      at Request.emit (node:events:527:28)
      at IncomingMessage.<anonymous> (C:\Users\David\.node\corepack\yarn\1.22.15\lib\cli.js:141779:12)
      at Object.onceWrapper (node:events:641:28)
      at IncomingMessage.emit (node:events:539:35)
      at endReadableNT (node:internal/streams/readable:1345:12)
      at processTicksAndRejections (node:internal/process/task_queues:83:21)

npm manifest: 
  {
    "name": "lab01",
    "version": "1.0.0",
    "main": "index.js",
    "license": "MIT"
  }

yarn manifest: 
  No manifest

Lockfile: 
  No lockfile
